2023-11-17 15:43:18,633 [background-preinit] DEBUG o.j.logging [] - Logging Provider: org.jboss.logging.Log4j2LoggerProvider
2023-11-17 15:43:18,641 [main] INFO  c.s.w.SimonAtdApplication [] - Starting SimonAtdApplication using Java 1.8.0_281 on localhost with PID 31800 (/Users/yzy/IdeaProjects/simon-atd/simon-atd-web/target/classes started by yzy in /Users/yzy/IdeaProjects/simon-atd)
2023-11-17 15:43:18,641 [main] DEBUG c.s.w.SimonAtdApplication [] - Running with Spring Boot v2.7.16, Spring v5.3.30
2023-11-17 15:43:18,642 [main] INFO  c.s.w.SimonAtdApplication [] - The following 1 profile is active: "local"
2023-11-17 15:43:19,087 [main] ERROR o.s.b.d.LoggingFailureAnalysisReporter [] - 

***************************
APPLICATION FAILED TO START
***************************

Description:

Web application could not be started as there was no org.springframework.boot.web.servlet.server.ServletWebServerFactory bean defined in the context.

Action:

Check your application's dependencies for a supported servlet web server.
Check the configured web application type.

2023-11-17 15:46:09,206 [main] INFO  c.s.w.SimonAtdApplication [] - Starting SimonAtdApplication using Java 1.8.0_281 on localhost with PID 31860 (/Users/yzy/IdeaProjects/simon-atd/simon-atd-web/target/classes started by yzy in /Users/yzy/IdeaProjects/simon-atd)
2023-11-17 15:46:09,208 [main] DEBUG c.s.w.SimonAtdApplication [] - Running with Spring Boot v2.7.16, Spring v5.3.30
2023-11-17 15:46:09,209 [main] INFO  c.s.w.SimonAtdApplication [] - The following 1 profile is active: "local"
2023-11-17 15:46:09,210 [background-preinit] DEBUG o.j.logging [] - Logging Provider: org.jboss.logging.Log4j2LoggerProvider
2023-11-17 15:46:09,544 [main] ERROR o.s.b.d.LoggingFailureAnalysisReporter [] - 

***************************
APPLICATION FAILED TO START
***************************

Description:

Web application could not be started as there was no org.springframework.boot.web.servlet.server.ServletWebServerFactory bean defined in the context.

Action:

Check your application's dependencies for a supported servlet web server.
Check the configured web application type.

2023-11-17 15:50:24,711 [main] INFO  c.s.w.SimonAtdApplication [] - Starting SimonAtdApplication using Java 1.8.0_281 on localhost with PID 32004 (/Users/yzy/IdeaProjects/simon-atd/simon-atd-web/target/classes started by yzy in /Users/yzy/IdeaProjects/simon-atd)
2023-11-17 15:50:24,714 [main] INFO  c.s.w.SimonAtdApplication [] - The following 1 profile is active: "local"
2023-11-17 15:50:25,076 [main] ERROR o.s.b.d.LoggingFailureAnalysisReporter [] - 

***************************
APPLICATION FAILED TO START
***************************

Description:

Web application could not be started as there was no org.springframework.boot.web.servlet.server.ServletWebServerFactory bean defined in the context.

Action:

Check your application's dependencies for a supported servlet web server.
Check the configured web application type.

2023-11-17 15:53:23,632 [main] INFO  c.s.w.SimonAtdApplication [] - Starting SimonAtdApplication using Java 1.8.0_281 on localhost with PID 32069 (/Users/yzy/IdeaProjects/simon-atd/simon-atd-web/target/classes started by yzy in /Users/yzy/IdeaProjects/simon-atd)
2023-11-17 15:53:23,634 [main] INFO  c.s.w.SimonAtdApplication [] - The following 1 profile is active: "local"
2023-11-17 15:53:25,093 [main] INFO  c.s.w.SimonAtdApplication [] - Started SimonAtdApplication in 2.062 seconds (JVM running for 2.651)
2023-11-17 16:35:21,084 [http-nio-7001-exec-1] INFO  c.s.w.f.RequestFilter [] - request path = /elec/price,param = {}
2023-11-17 16:46:22,341 [http-nio-7001-exec-3] INFO  c.s.w.f.RequestFilter [] - request path = /elec/price_diff,param = {}
2023-11-17 16:47:57,674 [main] INFO  c.s.w.SimonAtdApplication [] - Starting SimonAtdApplication using Java 1.8.0_281 on localhost with PID 33469 (/Users/yzy/IdeaProjects/simon-atd/simon-atd-web/target/classes started by yzy in /Users/yzy/IdeaProjects/simon-atd)
2023-11-17 16:47:57,676 [main] INFO  c.s.w.SimonAtdApplication [] - The following 1 profile is active: "local"
2023-11-17 16:47:58,894 [main] INFO  c.s.w.SimonAtdApplication [] - Started SimonAtdApplication in 1.664 seconds (JVM running for 2.179)
2023-11-17 16:49:44,316 [http-nio-7001-exec-1] INFO  c.s.w.f.RequestFilter [] - request path = /elec/price_diff,param = {}
2023-11-17 16:51:01,925 [http-nio-7001-exec-3] INFO  c.s.w.f.RequestFilter [] - request path = /elec/price_detail,param = {}
2023-11-17 16:52:14,645 [http-nio-7001-exec-5] INFO  c.s.w.f.RequestFilter [] - request path = /elec/price_download,param = {}
2023-11-17 16:52:33,435 [http-nio-7001-exec-6] INFO  c.s.w.f.RequestFilter [] - request path = /elec/price_download,param = {}
2023-11-17 16:52:33,658 [http-nio-7001-exec-7] INFO  c.s.w.f.RequestFilter [] - request path = /favicon.ico,param = {}
2023-11-17 16:55:40,578 [http-nio-7001-exec-1] INFO  c.s.w.f.RequestFilter [] - request path = /elec/price_download,param = {}
2023-11-17 16:59:38,204 [main] INFO  c.s.w.SimonAtdApplication [] - Starting SimonAtdApplication using Java 1.8.0_281 on localhost with PID 33798 (/Users/yzy/IdeaProjects/simon-atd/simon-atd-web/target/classes started by yzy in /Users/yzy/IdeaProjects/simon-atd)
2023-11-17 16:59:38,207 [main] INFO  c.s.w.SimonAtdApplication [] - The following 1 profile is active: "local"
2023-11-17 16:59:39,388 [main] INFO  c.s.w.SimonAtdApplication [] - Started SimonAtdApplication in 1.632 seconds (JVM running for 2.17)
2023-11-17 17:01:21,108 [http-nio-7001-exec-1] INFO  c.s.w.f.RequestFilter [] - request path = /elec/price_download,param = {}
